<?xml version='1.0'?>
<ns2:test-suite xmlns:ns2='urn:model.allure.qatools.yandex.ru' start='1626269900453' stop='1626269958262'>
    <name>HomeWork/TestTask/Actions (Lesson 29) https://youtube.com/playlist?list=PLP1-M5OhC7yjAZ1-llDH45nxLfKKbcxGe</name>
    <title>HomeWork/TestTask/Actions (Lesson 29) https://youtube.com/playlist?list=PLP1-M5OhC7yjAZ1-llDH45nxLfKKbcxGe</title>
    <test-cases>
        <test-case start='1626269900453' status='pending' stop='1626269900454'>
            <name>should test SignUp function (using header button). Test-Case1</name>
            <title>should test SignUp function (using header button). Test-Case1</title>
            <labels/>
            <parameters/>
            <steps/>
            <attachments/>
            <failure>
                <message>Test ignored</message>
                <stack-trace>undefined</stack-trace>
            </failure>
        </test-case>
        <test-case start='1626269900454' status='pending' stop='1626269900454'>
            <name>should test SignUp function (using primary SignUp button). Test-Case2</name>
            <title>should test SignUp function (using primary SignUp button). Test-Case2</title>
            <labels/>
            <parameters/>
            <steps/>
            <attachments/>
            <failure>
                <message>Test ignored</message>
                <stack-trace>undefined</stack-trace>
            </failure>
        </test-case>
        <test-case start='1626269900454' status='pending' stop='1626269900454'>
            <name>should test SignIn function . Test-Case3</name>
            <title>should test SignIn function . Test-Case3</title>
            <labels/>
            <parameters/>
            <steps/>
            <attachments/>
            <failure>
                <message>Test ignored</message>
                <stack-trace>undefined</stack-trace>
            </failure>
        </test-case>
        <test-case start='1626269900454' status='passed' stop='1626269905156'>
            <name>should test Password recowery function . Test-Case4</name>
            <title>should test Password recowery function . Test-Case4</title>
            <labels>
                <label name='language' value='javascript'/>
                <label name='framework' value='wdio'/>
                <label name='thread' value='0-0'/>
            </labels>
            <parameters>
                <parameter kind='argument' name='browser' value='chrome-91.0.4472.114'/>
            </parameters>
            <steps/>
            <attachments/>
        </test-case>
        <test-case start='1626269905156' status='broken' stop='1626269917715'>
            <name>should test that dropdown menues(Header Menu) is displayed when mouse on it. Test-Case5</name>
            <title>should test that dropdown menues(Header Menu) is displayed when mouse on it. Test-Case5</title>
            <labels>
                <label name='language' value='javascript'/>
                <label name='framework' value='wdio'/>
                <label name='thread' value='0-0'/>
            </labels>
            <parameters>
                <parameter kind='argument' name='browser' value='chrome-91.0.4472.114'/>
            </parameters>
            <steps/>
            <attachments>
                <attachment title='Screenshot' source='a00c542c-b56a-43dd-b3a5-d001dcfd3f7b-attachment.png' type='image/png' size='524345'/>
            </attachments>
            <failure>
                <message>The expression evaluated to a falsy value:
                
                  assert(this.WhyGitHubDropdownMenu.isDisplayed())
                </message>
                <stack-trace>AssertionError [ERR_ASSERTION]: The expression evaluated to a falsy value:
                
                  assert(this.WhyGitHubDropdownMenu.isDisplayed())
                
                    at MainPage.checkWhyGitHubDropdownMenu (/home/runner/work/Private_Allure_Actions/Private_Allure_Actions/test/pageobjects/main.page.js:91:13)
                    at Context.&lt;anonymous> (/home/runner/work/Private_Allure_Actions/Private_Allure_Actions/test/specs/gitHubTestHW(Lesson29).js:74:18)</stack-trace>
            </failure>
        </test-case>
        <test-case start='1626269917715' status='passed' stop='1626269939440'>
            <name>should test that user able to chose the plan"for free" and register throuth it . Test-Case6</name>
            <title>should test that user able to chose the plan"for free" and register throuth it . Test-Case6</title>
            <labels>
                <label name='language' value='javascript'/>
                <label name='framework' value='wdio'/>
                <label name='thread' value='0-0'/>
            </labels>
            <parameters>
                <parameter kind='argument' name='browser' value='chrome-91.0.4472.114'/>
            </parameters>
            <steps/>
            <attachments/>
        </test-case>
        <test-case start='1626269939441' status='pending' stop='1626269939441'>
            <name>should check that is Topic text displayed in view port . Test-Case7</name>
            <title>should check that is Topic text displayed in view port . Test-Case7</title>
            <labels/>
            <parameters/>
            <steps/>
            <attachments/>
            <failure>
                <message>Test ignored</message>
                <stack-trace>undefined</stack-trace>
            </failure>
        </test-case>
        <test-case start='1626269939441' status='passed' stop='1626269943335'>
            <name>should test that filter TypeScript works and first result is relevant . Test-Case8</name>
            <title>should test that filter TypeScript works and first result is relevant . Test-Case8</title>
            <labels>
                <label name='language' value='javascript'/>
                <label name='framework' value='wdio'/>
                <label name='thread' value='0-0'/>
            </labels>
            <parameters>
                <parameter kind='argument' name='browser' value='chrome-91.0.4472.114'/>
            </parameters>
            <steps/>
            <attachments/>
        </test-case>
        <test-case start='1626269943335' status='pending' stop='1626269943335'>
            <name> should test that user able to add registration data through the EnterpriseCloud and EnterpriseServer pages. Test-Case9</name>
            <title> should test that user able to add registration data through the EnterpriseCloud and EnterpriseServer pages. Test-Case9</title>
            <labels/>
            <parameters/>
            <steps/>
            <attachments/>
            <failure>
                <message>Test ignored</message>
                <stack-trace>undefined</stack-trace>
            </failure>
        </test-case>
        <test-case start='1626269943335' status='broken' stop='1626269958256'>
            <name> should print in the console all positions from the careers . Test-Case10</name>
            <title> should print in the console all positions from the careers . Test-Case10</title>
            <labels>
                <label name='language' value='javascript'/>
                <label name='framework' value='wdio'/>
                <label name='thread' value='0-0'/>
            </labels>
            <parameters>
                <parameter kind='argument' name='browser' value='chrome-91.0.4472.114'/>
            </parameters>
            <steps/>
            <attachments>
                <attachment title='Screenshot' source='cd3df35c-4d13-4f79-b570-9fc3be2092d7-attachment.png' type='image/png' size='521789'/>
            </attachments>
            <failure>
                <message>Can't call click on element with selector "[data-ga-click="Footer, go to careers, text:careers"]" because element wasn't found</message>
                <stack-trace>Error: Can't call click on element with selector "[data-ga-click="Footer, go to careers, text:careers"]" because element wasn't found
                    at MainPage.clickFooterCareesButton (/home/runner/work/Private_Allure_Actions/Private_Allure_Actions/test/pageobjects/main.page.js:230:33)
                    at Context.&lt;anonymous> (/home/runner/work/Private_Allure_Actions/Private_Allure_Actions/test/specs/gitHubTestHW(Lesson29).js:149:18)</stack-trace>
            </failure>
        </test-case>
    </test-cases>
</ns2:test-suite>